七月 28, 2020 5:12:07 下午 io.github.yedaxia.apidocs.LogUtils info
信息: info: find java src paths:  [/Users/Tang/JavaCode/powerSmart-jdbc/src/main/java/]
七月 28, 2020 5:12:07 下午 io.github.yedaxia.apidocs.LogUtils info
信息: info: project type not set, try to figure out...
七月 28, 2020 5:12:07 下午 io.github.yedaxia.apidocs.LogUtils info
信息: info: start find controllers in path : /Users/Tang/JavaCode/powerSmart-jdbc/src/main/java/
七月 28, 2020 5:12:10 下午 io.github.yedaxia.apidocs.LogUtils info
信息: info: find controller file : BargainController.java
七月 28, 2020 5:12:10 下午 io.github.yedaxia.apidocs.LogUtils info
信息: info: find controller file : StaffController.java
七月 28, 2020 5:12:10 下午 io.github.yedaxia.apidocs.LogUtils info
信息: info: find controller file : CheckFormController.java
七月 28, 2020 5:12:10 下午 io.github.yedaxia.apidocs.LogUtils info
信息: info: find controller file : PowerPageController.java
七月 28, 2020 5:12:10 下午 io.github.yedaxia.apidocs.LogUtils info
信息: info: find controller file : OutboundFormController.java
七月 28, 2020 5:12:10 下午 io.github.yedaxia.apidocs.LogUtils info
信息: info: find controller file : SupplierController.java
七月 28, 2020 5:12:10 下午 io.github.yedaxia.apidocs.LogUtils info
信息: info: find controller file : CityController.java
七月 28, 2020 5:12:10 下午 io.github.yedaxia.apidocs.LogUtils info
信息: info: find controller file : UploadController.java
七月 28, 2020 5:12:10 下午 io.github.yedaxia.apidocs.LogUtils info
信息: info: find controller file : OperatorController.java
七月 28, 2020 5:12:10 下午 io.github.yedaxia.apidocs.LogUtils info
信息: info: find controller file : ContractController.java
七月 28, 2020 5:12:10 下午 io.github.yedaxia.apidocs.LogUtils info
信息: info: find controller file : ReportController.java
七月 28, 2020 5:12:10 下午 io.github.yedaxia.apidocs.LogUtils info
信息: info: find controller file : PowerController.java
七月 28, 2020 5:12:10 下午 io.github.yedaxia.apidocs.LogUtils info
信息: info: find controller file : SupplierUploadController.java
七月 28, 2020 5:12:10 下午 io.github.yedaxia.apidocs.LogUtils info
信息: info: find controller file : SysPermissionController.java
七月 28, 2020 5:12:10 下午 io.github.yedaxia.apidocs.LogUtils info
信息: info: find controller file : SysUserController.java
七月 28, 2020 5:12:10 下午 io.github.yedaxia.apidocs.LogUtils info
信息: info: find controller file : HomeController.java
七月 28, 2020 5:12:10 下午 io.github.yedaxia.apidocs.LogUtils info
信息: info: find controller file : SysRoleController.java
七月 28, 2020 5:12:10 下午 io.github.yedaxia.apidocs.LogUtils info
信息: info: find controller file : MyTqController.java
七月 28, 2020 5:12:10 下午 io.github.yedaxia.apidocs.LogUtils info
信息: info: find controller file : PowerFailureController.java
七月 28, 2020 5:12:10 下午 io.github.yedaxia.apidocs.LogUtils info
信息: info: find controller file : TqManageController.java
七月 28, 2020 5:12:10 下午 io.github.yedaxia.apidocs.LogUtils info
信息: info: find controller file : RiskManagerController.java
七月 28, 2020 5:12:10 下午 io.github.yedaxia.apidocs.LogUtils info
信息: info: find controller file : TqOutageController.java
七月 28, 2020 5:12:10 下午 io.github.yedaxia.apidocs.LogUtils info
信息: info: find controller file : ISCUserController.java
七月 28, 2020 5:12:10 下午 io.github.yedaxia.apidocs.LogUtils info
信息: info: find controller file : DeviceOwnerController.java
七月 28, 2020 5:12:10 下午 io.github.yedaxia.apidocs.LogUtils info
信息: info: find controller file : InspectionController.java
七月 28, 2020 5:12:10 下午 io.github.yedaxia.apidocs.LogUtils info
信息: info: find controller file : PictureHelperController.java
七月 28, 2020 5:12:10 下午 io.github.yedaxia.apidocs.LogUtils info
信息: info: find controller file : HomePageController.java
七月 28, 2020 5:12:10 下午 io.github.yedaxia.apidocs.LogUtils info
信息: info: find controller file : MaintenanceController.java
七月 28, 2020 5:12:10 下午 io.github.yedaxia.apidocs.LogUtils info
信息: info: find controller file : InspectionRiskController.java
七月 28, 2020 5:12:10 下午 io.github.yedaxia.apidocs.LogUtils info
信息: info: find controller file : RealTimePowerFailerController.java
七月 28, 2020 5:12:10 下午 io.github.yedaxia.apidocs.LogUtils info
信息: info: find controller file : DictController.java
七月 28, 2020 5:12:11 下午 io.github.yedaxia.apidocs.LogUtils info
信息: info: find controller file : PhaseManageController.java
七月 28, 2020 5:12:11 下午 io.github.yedaxia.apidocs.LogUtils info
信息: info: find controller file : VideoHelperController.java
七月 28, 2020 5:12:11 下午 io.github.yedaxia.apidocs.LogUtils info
信息: info: find controller file : InspectionNewController.java
七月 28, 2020 5:12:11 下午 io.github.yedaxia.apidocs.LogUtils info
信息: info: find controller file : UserLowVoltageController.java
七月 28, 2020 5:12:11 下午 io.github.yedaxia.apidocs.LogUtils info
信息: info: find controller file : LineManageController.java
七月 28, 2020 5:12:11 下午 io.github.yedaxia.apidocs.LogUtils info
信息: info: find controller file : InspectionDefectController.java
七月 28, 2020 5:12:11 下午 io.github.yedaxia.apidocs.LogUtils info
信息: info: find controller file : NoticeController.java
七月 28, 2020 5:12:11 下午 io.github.yedaxia.apidocs.LogUtils info
信息: info: find controller file : MessageReadController.java
七月 28, 2020 5:12:11 下午 io.github.yedaxia.apidocs.LogUtils info
信息: info: find controller file : RushRepairController.java
七月 28, 2020 5:12:11 下午 io.github.yedaxia.apidocs.LogUtils info
信息: info: find controller file : LineOutageController.java
七月 28, 2020 5:12:11 下午 io.github.yedaxia.apidocs.LogUtils info
信息: info: find controller file : AutoAnaysisController.java
七月 28, 2020 5:12:11 下午 io.github.yedaxia.apidocs.LogUtils info
信息: info: find controller file : WorkBenchController.java
七月 28, 2020 5:12:11 下午 io.github.yedaxia.apidocs.LogUtils info
信息: info: find controller file : TerminalController.java
七月 28, 2020 5:12:11 下午 io.github.yedaxia.apidocs.LogUtils info
信息: info: find controller file : TgOutletVoltageController.java
七月 28, 2020 5:12:11 下午 io.github.yedaxia.apidocs.LogUtils info
信息: info: find controller file : MyLineController.java
七月 28, 2020 5:12:11 下午 io.github.yedaxia.apidocs.LogUtils info
信息: info: find controller file : DefectController.java
七月 28, 2020 5:12:11 下午 io.github.yedaxia.apidocs.LogUtils info
信息: info: find controller file : AutoLoginController.java
七月 28, 2020 5:12:11 下午 io.github.yedaxia.apidocs.LogUtils info
信息: info: find controller file : DisasterLossController.java
七月 28, 2020 5:12:11 下午 io.github.yedaxia.apidocs.LogUtils info
信息: info: find controller file : StatisticsController.java
七月 28, 2020 5:12:11 下午 io.github.yedaxia.apidocs.LogUtils info
信息: info: find controller file : TodoController.java
七月 28, 2020 5:12:11 下午 io.github.yedaxia.apidocs.LogUtils info
信息: info: find controller file : ContractRepairOrderController.java
七月 28, 2020 5:12:11 下午 io.github.yedaxia.apidocs.LogUtils info
信息: info: find controller file : WorkOrderController.java
七月 28, 2020 5:12:11 下午 io.github.yedaxia.apidocs.LogUtils info
信息: info: find controller file : SReportController.java
七月 28, 2020 5:12:11 下午 io.github.yedaxia.apidocs.LogUtils info
信息: info: find controller file : BaseApiController.java
七月 28, 2020 5:12:11 下午 io.github.yedaxia.apidocs.LogUtils info
信息: info: find controller file : ReportApiController.java
七月 28, 2020 5:12:11 下午 io.github.yedaxia.apidocs.LogUtils info
信息: info: find controller file : ApplyApiController.java
七月 28, 2020 5:12:11 下午 io.github.yedaxia.apidocs.LogUtils info
信息: info: find controller file : XZReportController.java
七月 28, 2020 5:12:11 下午 io.github.yedaxia.apidocs.LogUtils info
信息: info: find controller file : SupplierApiController.java
七月 28, 2020 5:12:11 下午 io.github.yedaxia.apidocs.LogUtils info
信息: info: find controller file : OperatorApiController.java
七月 28, 2020 5:12:11 下午 io.github.yedaxia.apidocs.LogUtils info
信息: info: find controller file : PowerApiController.java
七月 28, 2020 5:12:11 下午 io.github.yedaxia.apidocs.LogUtils info
信息: info: find controller file : OutboundController.java
七月 28, 2020 5:12:11 下午 io.github.yedaxia.apidocs.LogUtils info
信息: info: find controller file : PowerFaultApiController.java
七月 28, 2020 5:12:11 下午 io.github.yedaxia.apidocs.LogUtils info
信息: info: find controller file : checkController.java
七月 28, 2020 5:12:11 下午 io.github.yedaxia.apidocs.LogUtils info
信息: info: find controller file : TumoController.java
七月 28, 2020 5:12:11 下午 io.github.yedaxia.apidocs.LogUtils info
信息: info: find controller file : PlanController.java
七月 28, 2020 5:12:11 下午 io.github.yedaxia.apidocs.LogUtils info
信息: info: find controller file : MainApiController.java
七月 28, 2020 5:12:11 下午 io.github.yedaxia.apidocs.LogUtils info
信息: info: find controller file : EvaluateApiController.java
七月 28, 2020 5:12:11 下午 io.github.yedaxia.apidocs.LogUtils info
信息: info: find controller file : ContractApiController.java
七月 28, 2020 5:12:11 下午 io.github.yedaxia.apidocs.LogUtils info
信息: info: find controller file : LoginController.java
七月 28, 2020 5:12:11 下午 io.github.yedaxia.apidocs.LogUtils info
信息: info: start to parse controller file : BargainController.java
